[debug] > Exec(early(addDefaultCommands), None, None)
[debug] > Exec(addDefaultCommands, None, None)
[debug] > Exec(early(initialize), None, None)
[debug] > Exec(initialize, None, None)
[debug] > Exec(early(addPluginSbtFile="""C:\Users\bidanchr\AppData\Local\Temp\idea.sbt"""), None, None)
[debug] > Exec(addPluginSbtFile="""C:\Users\bidanchr\AppData\Local\Temp\idea.sbt""", None, None)
[debug] > Exec(boot, None, None)
[debug] > Exec(writeSbtVersion, None, None)
[debug] > Exec(reload, None, None)
[debug] > Exec(sbtStashOnFailure, None, None)
[debug] > Exec(onFailure loadFailed, None, None)
[debug] > Exec(loadp, None, None)
[info] welcome to sbt 1.5.5 (Amazon.com Inc. Java 11.0.12)
[debug]       Load.loadUnit: plugins took 127.669ms
[debug]       Load.loadUnit: defsScala took 0.3786ms
[debug] [Loading] Scanning directory C:\Users\bidanchr\.sbt\1.0\plugins
[debug] [Loading] Found non-root projects 
[debug] [Loading] Done in C:\Users\bidanchr\.sbt\1.0\plugins, returning: ()
[debug] deducing auto plugins based on known facts Set(Atom(sbt.plugins.CorePlugin)) and clauses Clauses(Clause(Atom(sbt.plugins.JvmPlugin),Set(Atom(sbt.plugins.IvyPlugin)))
[debug] Clause(Atom(sbt.ScriptedPlugin),Set(Atom(sbt.plugins.JvmPlugin)))
[debug] Clause(Atom(sbt.plugins.SbtPlugin),Set(Atom(sbt.ScriptedPlugin)))
[debug] Clause(Atom(sbt.plugins.SemanticdbPlugin),Set(Atom(sbt.plugins.JvmPlugin)))
[debug] Clause(Atom(sbt.plugins.JUnitXmlReportPlugin),Set(Atom(sbt.plugins.JvmPlugin)))
[debug] Clause(Atom(sbt.plugins.MiniDependencyTreePlugin),Set(Atom(sbt.plugins.JvmPlugin)))
[debug] Clause(Atom(sbt.plugins.CorePlugin),Set(Atom(sbt.plugins.IvyPlugin)))
[debug] Clause(Atom(sbt.plugins.IvyPlugin),Set(Atom(sbt.plugins.JvmPlugin)))
[debug] Clause(Atom(sbt.plugins.JvmPlugin),Set(Atom(sbt.plugins.SemanticdbPlugin)))
[debug] Clause(Atom(sbt.plugins.JvmPlugin),Set(Atom(sbt.plugins.JUnitXmlReportPlugin)))
[debug] Clause(Atom(sbt.plugins.CorePlugin),Set(Atom(sbt.plugins.Giter8TemplatePlugin)))
[debug] Clause(Atom(sbt.plugins.JvmPlugin),Set(Atom(sbt.plugins.MiniDependencyTreePlugin))))
[debug]   :: deduced result: Matched(sbt.plugins.CorePlugin,sbt.plugins.Giter8TemplatePlugin,sbt.plugins.IvyPlugin,sbt.plugins.JvmPlugin,sbt.plugins.MiniDependencyTreePlugin,sbt.plugins.JUnitXmlReportPlugin,sbt.plugins.SemanticdbPlugin)
[debug] Plugins.deducer#function took 69.32 ms
[debug]           Load.resolveProject(global-plugins) took 129.4193ms
[debug]         Load.loadTransitive: finalizeProject(Project(id global-plugins, base: C:\Users\bidanchr\.sbt\1.0\plugins, plugins: List(<none>))) took 297.7424ms
[debug] [Loading] Done in C:\Users\bidanchr\.sbt\1.0\plugins, returning: (global-plugins)
[debug]       Load.loadUnit: loadedProjectsRaw took 370.1611ms
[debug]       Load.loadUnit: cleanEvalClasses took 0.6588ms
[debug]     Load.loadUnit(file:/C:/Users/bidanchr/.sbt/1.0/plugins/, ...) took 522.6386ms
[debug]   Load.apply: load took 851.4421ms
[debug]   Load.apply: resolveProjects took 10.1903ms
[debug]   Load.apply: finalTransforms took 103.5676ms
[debug]   Load.apply: config.delegates took 18.3751ms
[debug]   Load.apply: Def.make(settings)... took 623.4735ms
[debug]   Load.apply: structureIndex took 218.0499ms
[debug]   Load.apply: mkStreams took 1.8952ms
[info] loading global plugins from C:\Users\bidanchr\.sbt\1.0\plugins
[debug] Running task... Cancel: Signal, check cycles: false, forcegc: true
[debug] Load.defaultLoad until apply took 7070.4324ms
[debug]           Load.loadUnit: plugins took 35.5349ms
[debug]           Load.loadUnit: defsScala took 0.0032ms
[debug] [Loading] Scanning directory D:\UQAC\BDD\TestSpark\project
[debug]             Load.loadUnit: mkEval took 8.5172ms
[debug] [Loading] Found non-root projects 
[debug] [Loading] Done in D:\UQAC\BDD\TestSpark\project, returning: ()
[debug] deducing auto plugins based on known facts Set(Atom(sbt.plugins.CorePlugin)) and clauses Clauses(Clause(Atom(sbt.plugins.JvmPlugin),Set(Atom(sbt.plugins.IvyPlugin)))
[debug] Clause(Atom(sbt.ScriptedPlugin),Set(Atom(sbt.plugins.JvmPlugin)))
[debug] Clause(Atom(sbt.plugins.SbtPlugin),Set(Atom(sbt.ScriptedPlugin)))
[debug] Clause(Atom(sbt.plugins.SemanticdbPlugin),Set(Atom(sbt.plugins.JvmPlugin)))
[debug] Clause(Atom(sbt.plugins.JUnitXmlReportPlugin),Set(Atom(sbt.plugins.JvmPlugin)))
[debug] Clause(Atom(sbt.plugins.MiniDependencyTreePlugin),Set(Atom(sbt.plugins.JvmPlugin)))
[debug] Clause(Atom(sbt.plugins.CorePlugin),Set(Atom(sbt.plugins.IvyPlugin)))
[debug] Clause(Atom(sbt.plugins.IvyPlugin),Set(Atom(sbt.plugins.JvmPlugin)))
[debug] Clause(Atom(sbt.plugins.JvmPlugin),Set(Atom(sbt.plugins.SemanticdbPlugin)))
[debug] Clause(Atom(sbt.plugins.JvmPlugin),Set(Atom(sbt.plugins.JUnitXmlReportPlugin)))
[debug] Clause(Atom(sbt.plugins.CorePlugin),Set(Atom(sbt.plugins.Giter8TemplatePlugin)))
[debug] Clause(Atom(sbt.plugins.JvmPlugin),Set(Atom(sbt.plugins.MiniDependencyTreePlugin))))
[debug]   :: deduced result: Matched(sbt.plugins.CorePlugin,sbt.plugins.Giter8TemplatePlugin,sbt.plugins.IvyPlugin,sbt.plugins.JvmPlugin,sbt.plugins.MiniDependencyTreePlugin,sbt.plugins.JUnitXmlReportPlugin,sbt.plugins.SemanticdbPlugin)
[debug] Plugins.deducer#function took 26.4145 ms
[info] loading settings for project testspark-build from idea.sbt ...
[debug]               Load.resolveProject(testspark-build) took 17.2845ms
[debug]             Load.loadTransitive: finalizeProject(Project(id testspark-build, base: D:\UQAC\BDD\TestSpark\project, plugins: List(<none>))) took 44.7214ms
[debug] [Loading] Done in D:\UQAC\BDD\TestSpark\project, returning: (testspark-build)
[debug]           Load.loadUnit: loadedProjectsRaw took 4224.6405ms
[debug]           Load.loadUnit: cleanEvalClasses took 18.092ms
[debug]         Load.loadUnit(file:/D:/UQAC/BDD/TestSpark/project/, ...) took 4280.3336ms
[debug]       Load.apply: load took 4293.5503ms
[debug]       Load.apply: resolveProjects took 0.1456ms
[debug]       Load.apply: finalTransforms took 124.6263ms
[debug]       Load.apply: config.delegates took 0.3918ms
[debug]       Load.apply: Def.make(settings)... took 199.0468ms
[debug]       Load.apply: structureIndex took 25.0309ms
[debug]       Load.apply: mkStreams took 0.004ms
[info] loading project definition from D:\UQAC\BDD\TestSpark\project
[debug] Running task... Cancel: Signal, check cycles: false, forcegc: true
[warn] Unrecognized repository Scala Plugin Bundled Repository, ignoring it
[debug]     Load.loadUnit: plugins took 9474.0911ms
[debug]     Load.loadUnit: defsScala took 0.0031ms
[debug] [Loading] Scanning directory D:\UQAC\BDD\TestSpark
[debug]       Load.loadUnit: mkEval took 0.2351ms
[debug] [Loading] Found non-root projects 
[debug] [Loading] Done in D:\UQAC\BDD\TestSpark, returning: ()
[debug] deducing auto plugins based on known facts Set(Atom(sbt.plugins.CorePlugin)) and clauses Clauses(Clause(Atom(sbt.plugins.JvmPlugin),Set(Atom(sbt.plugins.IvyPlugin)))
[debug] Clause(Atom(sbt.ScriptedPlugin),Set(Atom(sbt.plugins.JvmPlugin)))
[debug] Clause(Atom(sbt.plugins.SbtPlugin),Set(Atom(sbt.ScriptedPlugin)))
[debug] Clause(Atom(sbt.plugins.SemanticdbPlugin),Set(Atom(sbt.plugins.JvmPlugin)))
[debug] Clause(Atom(sbt.plugins.JUnitXmlReportPlugin),Set(Atom(sbt.plugins.JvmPlugin)))
[debug] Clause(Atom(sbt.plugins.MiniDependencyTreePlugin),Set(Atom(sbt.plugins.JvmPlugin)))
[debug] Clause(Atom(org.jetbrains.sbt.StructurePlugin),Set(Atom(sbt.plugins.JvmPlugin)))
[debug] Clause(Atom(org.jetbrains.sbt.IdeaShellPlugin),Set(Atom(sbt.plugins.JvmPlugin)))
[debug] Clause(Atom(org.jetbrains.sbt.indices.SbtIntellijIndicesPlugin),Set(Atom(sbt.plugins.JvmPlugin)))
[debug] Clause(Atom(sbt.plugins.CorePlugin),Set(Atom(sbt.plugins.IvyPlugin)))
[debug] Clause(Atom(sbt.plugins.IvyPlugin),Set(Atom(sbt.plugins.JvmPlugin)))
[debug] Clause(Atom(sbt.plugins.JvmPlugin),Set(Atom(sbt.plugins.SemanticdbPlugin)))
[debug] Clause(Atom(sbt.plugins.JvmPlugin),Set(Atom(sbt.plugins.JUnitXmlReportPlugin)))
[debug] Clause(Atom(sbt.plugins.CorePlugin),Set(Atom(sbt.plugins.Giter8TemplatePlugin)))
[debug] Clause(Atom(sbt.plugins.JvmPlugin),Set(Atom(sbt.plugins.MiniDependencyTreePlugin)))
[debug] Clause(Atom(sbt.plugins.JvmPlugin),Set(Atom(org.jetbrains.sbt.StructurePlugin)))
[debug] Clause(Atom(sbt.plugins.JvmPlugin),Set(Atom(org.jetbrains.sbt.IdeaShellPlugin)))
[debug] Clause(And(Set(Atom(sbt.plugins.CorePlugin), Atom(sbt.plugins.JvmPlugin))),Set(Atom(org.jetbrains.sbt.indices.SbtIntellijIndicesPlugin))))
[debug]   :: deduced result: Matched(sbt.plugins.CorePlugin,sbt.plugins.Giter8TemplatePlugin,sbt.plugins.IvyPlugin,sbt.plugins.JvmPlugin,sbt.plugins.SemanticdbPlugin,org.jetbrains.sbt.indices.SbtIntellijIndicesPlugin,sbt.plugins.JUnitXmlReportPlugin,org.jetbrains.sbt.IdeaShellPlugin,org.jetbrains.sbt.StructurePlugin,sbt.plugins.MiniDependencyTreePlugin)
[debug] Plugins.deducer#function took 4.5055 ms
[info] loading settings for project testspark from build.sbt ...
[debug]         Load.resolveProject(testspark) took 55.1909ms
[debug]       Load.loadTransitive: finalizeProject(Project(id testspark, base: D:\UQAC\BDD\TestSpark, plugins: List(<none>))) took 62.3355ms
[debug] [Loading] Done in D:\UQAC\BDD\TestSpark, returning: (testspark)
[debug]     Load.loadUnit: loadedProjectsRaw took 3313.1756ms
[debug]     Load.loadUnit: cleanEvalClasses took 58.3637ms
[debug]   Load.loadUnit(file:/D:/UQAC/BDD/TestSpark/, ...) took 12846.2953ms
[debug] Load.apply: load took 12848.7461ms
[debug] Load.apply: resolveProjects took 0.1071ms
[debug] Load.apply: finalTransforms took 50.4289ms
[debug] Load.apply: config.delegates took 0.2651ms
[debug] Load.apply: Def.make(settings)... took 162.0516ms
[debug] Load.apply: structureIndex took 20.9374ms
[debug] Load.apply: mkStreams took 0.0026ms
[info] set current project to TestSpark (in build file:/D:/UQAC/BDD/TestSpark/)
[debug] > Exec(sbtPopOnFailure, None, None)
[debug] > Exec(resumeFromFailure, None, None)
[debug] > Exec(notifyUsersAboutShell, None, None)
[debug] > Exec(iflast shell, None, None)
[debug] > Exec(; set ideaPort in Global := 53204 ; idea-shell, None, None)
[debug] > Exec(set ideaPort in Global := 53204, None, None)
[info] Defining Global / ideaPort
[info] The new value will be used by Compile / compile, Test / compile
[debug] Defining 
[debug] 	Global / ideaPort
[debug] 
[debug] The new value will be used by 
[debug] 	Compile / compile
[debug] 	Test / compile
[info] Reapplying settings...
[info] set current project to TestSpark (in build file:/D:/UQAC/BDD/TestSpark/)
[debug] > Exec(idea-shell, None, None)
